2026-02-11 17:00:14 [error]: SequelizeConnectionError: Access denied for user 'root'@'localhost'
    at ConnectionManager.connect (/opt/gawdesy.com/backend/node_modules/sequelize/lib/dialects/mysql/connection-manager.js:102:17)
    at process.processTicksAndRejections (node:internal/process/task_queues:105:5)
    at async ConnectionManager._connect (/opt/gawdesy.com/backend/node_modules/sequelize/lib/dialects/abstract/connection-manager.js:222:24)
    at async /opt/gawdesy.com/backend/node_modules/sequelize/lib/dialects/abstract/connection-manager.js:174:32
    at async ConnectionManager.getConnection (/opt/gawdesy.com/backend/node_modules/sequelize/lib/dialects/abstract/connection-manager.js:197:7)
    at async /opt/gawdesy.com/backend/node_modules/sequelize/lib/sequelize.js:305:26
    at async Sequelize.authenticate (/opt/gawdesy.com/backend/node_modules/sequelize/lib/sequelize.js:457:5)
    at async startServer (file:///opt/gawdesy.com/backend/src/index.js:66:5)
2026-02-11 17:00:34 [error]: SequelizeConnectionError: Access denied for user 'root'@'localhost'
    at ConnectionManager.connect (/opt/gawdesy.com/backend/node_modules/sequelize/lib/dialects/mysql/connection-manager.js:102:17)
    at process.processTicksAndRejections (node:internal/process/task_queues:105:5)
    at async ConnectionManager._connect (/opt/gawdesy.com/backend/node_modules/sequelize/lib/dialects/abstract/connection-manager.js:222:24)
    at async /opt/gawdesy.com/backend/node_modules/sequelize/lib/dialects/abstract/connection-manager.js:174:32
    at async ConnectionManager.getConnection (/opt/gawdesy.com/backend/node_modules/sequelize/lib/dialects/abstract/connection-manager.js:197:7)
    at async /opt/gawdesy.com/backend/node_modules/sequelize/lib/sequelize.js:305:26
    at async Sequelize.authenticate (/opt/gawdesy.com/backend/node_modules/sequelize/lib/sequelize.js:457:5)
    at async startServer (file:///opt/gawdesy.com/backend/src/index.js:66:5)
2026-02-11 17:00:54 [error]: SequelizeConnectionError: Access denied for user 'root'@'localhost'
    at ConnectionManager.connect (/opt/gawdesy.com/backend/node_modules/sequelize/lib/dialects/mysql/connection-manager.js:102:17)
    at process.processTicksAndRejections (node:internal/process/task_queues:105:5)
    at async ConnectionManager._connect (/opt/gawdesy.com/backend/node_modules/sequelize/lib/dialects/abstract/connection-manager.js:222:24)
    at async /opt/gawdesy.com/backend/node_modules/sequelize/lib/dialects/abstract/connection-manager.js:174:32
    at async ConnectionManager.getConnection (/opt/gawdesy.com/backend/node_modules/sequelize/lib/dialects/abstract/connection-manager.js:197:7)
    at async /opt/gawdesy.com/backend/node_modules/sequelize/lib/sequelize.js:305:26
    at async Sequelize.authenticate (/opt/gawdesy.com/backend/node_modules/sequelize/lib/sequelize.js:457:5)
    at async startServer (file:///opt/gawdesy.com/backend/src/index.js:66:5)
2026-02-11 17:57:12 [error]: SequelizeConnectionError: Access denied for user 'root'@'localhost'
    at ConnectionManager.connect (/opt/gawdesy.com/backend/node_modules/sequelize/lib/dialects/mysql/connection-manager.js:102:17)
    at process.processTicksAndRejections (node:internal/process/task_queues:105:5)
    at async ConnectionManager._connect (/opt/gawdesy.com/backend/node_modules/sequelize/lib/dialects/abstract/connection-manager.js:222:24)
    at async /opt/gawdesy.com/backend/node_modules/sequelize/lib/dialects/abstract/connection-manager.js:174:32
    at async ConnectionManager.getConnection (/opt/gawdesy.com/backend/node_modules/sequelize/lib/dialects/abstract/connection-manager.js:197:7)
    at async /opt/gawdesy.com/backend/node_modules/sequelize/lib/sequelize.js:305:26
    at async MySQLQueryInterface.select (/opt/gawdesy.com/backend/node_modules/sequelize/lib/dialects/abstract/query-interface.js:407:12)
    at async Organization.findAll (/opt/gawdesy.com/backend/node_modules/sequelize/lib/model.js:1140:21)
    at async Organization.findOne (/opt/gawdesy.com/backend/node_modules/sequelize/lib/model.js:1240:12)
    at async getHomeData (file:///opt/gawdesy.com/backend/src/controllers/publicController.js:7:26)
2026-02-11 17:57:38 [error]: SequelizeConnectionError: Access denied for user 'root'@'localhost'
    at ConnectionManager.connect (/opt/gawdesy.com/backend/node_modules/sequelize/lib/dialects/mysql/connection-manager.js:102:17)
    at process.processTicksAndRejections (node:internal/process/task_queues:105:5)
    at async ConnectionManager._connect (/opt/gawdesy.com/backend/node_modules/sequelize/lib/dialects/abstract/connection-manager.js:222:24)
    at async /opt/gawdesy.com/backend/node_modules/sequelize/lib/dialects/abstract/connection-manager.js:174:32
    at async ConnectionManager.getConnection (/opt/gawdesy.com/backend/node_modules/sequelize/lib/dialects/abstract/connection-manager.js:197:7)
    at async /opt/gawdesy.com/backend/node_modules/sequelize/lib/sequelize.js:305:26
    at async MySQLQueryInterface.select (/opt/gawdesy.com/backend/node_modules/sequelize/lib/dialects/abstract/query-interface.js:407:12)
    at async Organization.findAll (/opt/gawdesy.com/backend/node_modules/sequelize/lib/model.js:1140:21)
    at async Organization.findOne (/opt/gawdesy.com/backend/node_modules/sequelize/lib/model.js:1240:12)
    at async getAboutData (file:///opt/gawdesy.com/backend/src/controllers/publicController.js:45:26)
2026-02-11 17:57:42 [error]: SequelizeConnectionError: Access denied for user 'root'@'localhost'
    at ConnectionManager.connect (/opt/gawdesy.com/backend/node_modules/sequelize/lib/dialects/mysql/connection-manager.js:102:17)
    at process.processTicksAndRejections (node:internal/process/task_queues:105:5)
    at async ConnectionManager._connect (/opt/gawdesy.com/backend/node_modules/sequelize/lib/dialects/abstract/connection-manager.js:222:24)
    at async /opt/gawdesy.com/backend/node_modules/sequelize/lib/dialects/abstract/connection-manager.js:174:32
    at async ConnectionManager.getConnection (/opt/gawdesy.com/backend/node_modules/sequelize/lib/dialects/abstract/connection-manager.js:197:7)
    at async /opt/gawdesy.com/backend/node_modules/sequelize/lib/sequelize.js:305:26
    at async MySQLQueryInterface.select (/opt/gawdesy.com/backend/node_modules/sequelize/lib/dialects/abstract/query-interface.js:407:12)
    at async Programme.findAll (/opt/gawdesy.com/backend/node_modules/sequelize/lib/model.js:1140:21)
    at async getProgrammes (file:///opt/gawdesy.com/backend/src/controllers/publicController.js:70:24)
2026-02-11 17:57:44 [error]: SequelizeConnectionError: Access denied for user 'root'@'localhost'
    at ConnectionManager.connect (/opt/gawdesy.com/backend/node_modules/sequelize/lib/dialects/mysql/connection-manager.js:102:17)
    at process.processTicksAndRejections (node:internal/process/task_queues:105:5)
    at async ConnectionManager._connect (/opt/gawdesy.com/backend/node_modules/sequelize/lib/dialects/abstract/connection-manager.js:222:24)
    at async /opt/gawdesy.com/backend/node_modules/sequelize/lib/dialects/abstract/connection-manager.js:174:32
2026-02-11 17:57:50 [error]: SequelizeConnectionError: Access denied for user 'root'@'localhost'
    at ConnectionManager.connect (/opt/gawdesy.com/backend/node_modules/sequelize/lib/dialects/mysql/connection-manager.js:102:17)
    at process.processTicksAndRejections (node:internal/process/task_queues:105:5)
    at async ConnectionManager._connect (/opt/gawdesy.com/backend/node_modules/sequelize/lib/dialects/abstract/connection-manager.js:222:24)
    at async /opt/gawdesy.com/backend/node_modules/sequelize/lib/dialects/abstract/connection-manager.js:174:32
    at async ConnectionManager.getConnection (/opt/gawdesy.com/backend/node_modules/sequelize/lib/dialects/abstract/connection-manager.js:197:7)
    at async /opt/gawdesy.com/backend/node_modules/sequelize/lib/sequelize.js:305:26
    at async MySQLQueryInterface.select (/opt/gawdesy.com/backend/node_modules/sequelize/lib/dialects/abstract/query-interface.js:407:12)
    at async Document.findAll (/opt/gawdesy.com/backend/node_modules/sequelize/lib/model.js:1140:21)
    at async getDocuments (file:///opt/gawdesy.com/backend/src/controllers/publicController.js:186:23)
2026-02-11 17:58:15 [error]: SequelizeConnectionError: Access denied for user 'root'@'localhost'
    at ConnectionManager.connect (/opt/gawdesy.com/backend/node_modules/sequelize/lib/dialects/mysql/connection-manager.js:102:17)
    at process.processTicksAndRejections (node:internal/process/task_queues:105:5)
    at async ConnectionManager._connect (/opt/gawdesy.com/backend/node_modules/sequelize/lib/dialects/abstract/connection-manager.js:222:24)
    at async /opt/gawdesy.com/backend/node_modules/sequelize/lib/dialects/abstract/connection-manager.js:174:32
    at async ConnectionManager.getConnection (/opt/gawdesy.com/backend/node_modules/sequelize/lib/dialects/abstract/connection-manager.js:197:7)
    at async /opt/gawdesy.com/backend/node_modules/sequelize/lib/sequelize.js:305:26
    at async MySQLQueryInterface.select (/opt/gawdesy.com/backend/node_modules/sequelize/lib/dialects/abstract/query-interface.js:407:12)
    at async User.findAll (/opt/gawdesy.com/backend/node_modules/sequelize/lib/model.js:1140:21)
    at async User.findOne (/opt/gawdesy.com/backend/node_modules/sequelize/lib/model.js:1240:12)
    at async login (file:///opt/gawdesy.com/backend/src/controllers/adminController.js:18:18)
2026-02-11 20:34:23 [error]: SequelizeConnectionError: Access denied for user 'root'@'localhost'
    at ConnectionManager.connect (/opt/gawdesy.com/backend/node_modules/sequelize/lib/dialects/mysql/connection-manager.js:102:17)
    at process.processTicksAndRejections (node:internal/process/task_queues:105:5)
    at async ConnectionManager._connect (/opt/gawdesy.com/backend/node_modules/sequelize/lib/dialects/abstract/connection-manager.js:222:24)
    at async /opt/gawdesy.com/backend/node_modules/sequelize/lib/dialects/abstract/connection-manager.js:174:32
    at async ConnectionManager.getConnection (/opt/gawdesy.com/backend/node_modules/sequelize/lib/dialects/abstract/connection-manager.js:197:7)
    at async /opt/gawdesy.com/backend/node_modules/sequelize/lib/sequelize.js:305:26
    at async MySQLQueryInterface.select (/opt/gawdesy.com/backend/node_modules/sequelize/lib/dialects/abstract/query-interface.js:407:12)
    at async Organization.findAll (/opt/gawdesy.com/backend/node_modules/sequelize/lib/model.js:1140:21)
    at async Organization.findOne (/opt/gawdesy.com/backend/node_modules/sequelize/lib/model.js:1240:12)
    at async getHomeData (file:///opt/gawdesy.com/backend/src/controllers/publicController.js:7:26)
2026-02-11 20:54:06 [error]: SequelizeConnectionError: Access denied for user 'root'@'localhost'
    at ConnectionManager.connect (/opt/gawdesy.com/backend/node_modules/sequelize/lib/dialects/mysql/connection-manager.js:102:17)
    at process.processTicksAndRejections (node:internal/process/task_queues:105:5)
    at async ConnectionManager._connect (/opt/gawdesy.com/backend/node_modules/sequelize/lib/dialects/abstract/connection-manager.js:222:24)
    at async /opt/gawdesy.com/backend/node_modules/sequelize/lib/dialects/abstract/connection-manager.js:174:32
    at async ConnectionManager.getConnection (/opt/gawdesy.com/backend/node_modules/sequelize/lib/dialects/abstract/connection-manager.js:197:7)
    at async /opt/gawdesy.com/backend/node_modules/sequelize/lib/sequelize.js:305:26
    at async MySQLQueryInterface.select (/opt/gawdesy.com/backend/node_modules/sequelize/lib/dialects/abstract/query-interface.js:407:12)
    at async Organization.findAll (/opt/gawdesy.com/backend/node_modules/sequelize/lib/model.js:1140:21)
    at async Organization.findOne (/opt/gawdesy.com/backend/node_modules/sequelize/lib/model.js:1240:12)
    at async getHomeData (file:///opt/gawdesy.com/backend/src/controllers/publicController.js:7:26)
2026-02-11 20:54:08 [error]: SequelizeConnectionError: Access denied for user 'root'@'localhost'
    at ConnectionManager.connect (/opt/gawdesy.com/backend/node_modules/sequelize/lib/dialects/mysql/connection-manager.js:102:17)
    at process.processTicksAndRejections (node:internal/process/task_queues:105:5)
    at async ConnectionManager._connect (/opt/gawdesy.com/backend/node_modules/sequelize/lib/dialects/abstract/connection-manager.js:222:24)
    at async /opt/gawdesy.com/backend/node_modules/sequelize/lib/dialects/abstract/connection-manager.js:174:32
    at async ConnectionManager.getConnection (/opt/gawdesy.com/backend/node_modules/sequelize/lib/dialects/abstract/connection-manager.js:197:7)
    at async /opt/gawdesy.com/backend/node_modules/sequelize/lib/sequelize.js:305:26
    at async MySQLQueryInterface.select (/opt/gawdesy.com/backend/node_modules/sequelize/lib/dialects/abstract/query-interface.js:407:12)
    at async Programme.findAll (/opt/gawdesy.com/backend/node_modules/sequelize/lib/model.js:1140:21)
    at async getProgrammes (file:///opt/gawdesy.com/backend/src/controllers/publicController.js:70:24)
2026-02-11 20:54:10 [error]: SequelizeConnectionError: Access denied for user 'root'@'localhost'
    at ConnectionManager.connect (/opt/gawdesy.com/backend/node_modules/sequelize/lib/dialects/mysql/connection-manager.js:102:17)
    at process.processTicksAndRejections (node:internal/process/task_queues:105:5)
    at async ConnectionManager._connect (/opt/gawdesy.com/backend/node_modules/sequelize/lib/dialects/abstract/connection-manager.js:222:24)
    at async /opt/gawdesy.com/backend/node_modules/sequelize/lib/dialects/abstract/connection-manager.js:174:32
    at async ConnectionManager.getConnection (/opt/gawdesy.com/backend/node_modules/sequelize/lib/dialects/abstract/connection-manager.js:197:7)
    at async /opt/gawdesy.com/backend/node_modules/sequelize/lib/sequelize.js:305:26
    at async MySQLQueryInterface.select (/opt/gawdesy.com/backend/node_modules/sequelize/lib/dialects/abstract/query-interface.js:407:12)
    at async Organization.findAll (/opt/gawdesy.com/backend/node_modules/sequelize/lib/model.js:1140:21)
    at async Organization.findOne (/opt/gawdesy.com/backend/node_modules/sequelize/lib/model.js:1240:12)
    at async getHomeData (file:///opt/gawdesy.com/backend/src/controllers/publicController.js:7:26)
2026-02-11 20:54:24 [error]: SequelizeConnectionError: Access denied for user 'root'@'localhost'
    at ConnectionManager.connect (/opt/gawdesy.com/backend/node_modules/sequelize/lib/dialects/mysql/connection-manager.js:102:17)
    at process.processTicksAndRejections (node:internal/process/task_queues:105:5)
    at async ConnectionManager._connect (/opt/gawdesy.com/backend/node_modules/sequelize/lib/dialects/abstract/connection-manager.js:222:24)
    at async /opt/gawdesy.com/backend/node_modules/sequelize/lib/dialects/abstract/connection-manager.js:174:32
    at async ConnectionManager.getConnection (/opt/gawdesy.com/backend/node_modules/sequelize/lib/dialects/abstract/connection-manager.js:197:7)
    at async /opt/gawdesy.com/backend/node_modules/sequelize/lib/sequelize.js:305:26
    at async MySQLQueryInterface.select (/opt/gawdesy.com/backend/node_modules/sequelize/lib/dialects/abstract/query-interface.js:407:12)
    at async Organization.findAll (/opt/gawdesy.com/backend/node_modules/sequelize/lib/model.js:1140:21)
    at async Organization.findOne (/opt/gawdesy.com/backend/node_modules/sequelize/lib/model.js:1240:12)
    at async getHomeData (file:///opt/gawdesy.com/backend/src/controllers/publicController.js:7:26)
2026-02-11 20:54:25 [error]: SequelizeConnectionError: Access denied for user 'root'@'localhost'
    at ConnectionManager.connect (/opt/gawdesy.com/backend/node_modules/sequelize/lib/dialects/mysql/connection-manager.js:102:17)
    at process.processTicksAndRejections (node:internal/process/task_queues:105:5)
    at async ConnectionManager._connect (/opt/gawdesy.com/backend/node_modules/sequelize/lib/dialects/abstract/connection-manager.js:222:24)
    at async /opt/gawdesy.com/backend/node_modules/sequelize/lib/dialects/abstract/connection-manager.js:174:32
    at async ConnectionManager.getConnection (/opt/gawdesy.com/backend/node_modules/sequelize/lib/dialects/abstract/connection-manager.js:197:7)
    at async /opt/gawdesy.com/backend/node_modules/sequelize/lib/sequelize.js:305:26
    at async MySQLQueryInterface.select (/opt/gawdesy.com/backend/node_modules/sequelize/lib/dialects/abstract/query-interface.js:407:12)
    at async Programme.findAll (/opt/gawdesy.com/backend/node_modules/sequelize/lib/model.js:1140:21)
    at async getProgrammes (file:///opt/gawdesy.com/backend/src/controllers/publicController.js:70:24)
2026-02-11 20:54:26 [error]: SequelizeConnectionError: Access denied for user 'root'@'localhost'
    at ConnectionManager.connect (/opt/gawdesy.com/backend/node_modules/sequelize/lib/dialects/mysql/connection-manager.js:102:17)
    at process.processTicksAndRejections (node:internal/process/task_queues:105:5)
    at async ConnectionManager._connect (/opt/gawdesy.com/backend/node_modules/sequelize/lib/dialects/abstract/connection-manager.js:222:24)
    at async /opt/gawdesy.com/backend/node_modules/sequelize/lib/dialects/abstract/connection-manager.js:174:32
    at async ConnectionManager.getConnection (/opt/gawdesy.com/backend/node_modules/sequelize/lib/dialects/abstract/connection-manager.js:197:7)
    at async /opt/gawdesy.com/backend/node_modules/sequelize/lib/sequelize.js:305:26
    at async MySQLQueryInterface.select (/opt/gawdesy.com/backend/node_modules/sequelize/lib/dialects/abstract/query-interface.js:407:12)
    at async Organization.findAll (/opt/gawdesy.com/backend/node_modules/sequelize/lib/model.js:1140:21)
    at async Organization.findOne (/opt/gawdesy.com/backend/node_modules/sequelize/lib/model.js:1240:12)
    at async getAboutData (file:///opt/gawdesy.com/backend/src/controllers/publicController.js:45:26)
2026-02-12 00:26:45 [error]: Error
    at Query.run (/opt/gawdesy.com/backend/node_modules/sequelize/lib/dialects/mysql/query.js:52:25)
    at /opt/gawdesy.com/backend/node_modules/sequelize/lib/sequelize.js:315:28
    at process.processTicksAndRejections (node:internal/process/task_queues:105:5)
    at async MySQLQueryInterface.insert (/opt/gawdesy.com/backend/node_modules/sequelize/lib/dialects/abstract/query-interface.js:308:21)
    at async model.save (/opt/gawdesy.com/backend/node_modules/sequelize/lib/model.js:2490:35)
    at async Activity.create (/opt/gawdesy.com/backend/node_modules/sequelize/lib/model.js:1362:12)
    at async file:///opt/gawdesy.com/backend/src/routes/activityRoutes.js:39:22
2026-02-12 00:34:59 [error]: Error
    at Query.run (/opt/gawdesy.com/backend/node_modules/sequelize/lib/dialects/mysql/query.js:52:25)
    at /opt/gawdesy.com/backend/node_modules/sequelize/lib/sequelize.js:315:28
    at process.processTicksAndRejections (node:internal/process/task_queues:105:5)
    at async MySQLQueryInterface.select (/opt/gawdesy.com/backend/node_modules/sequelize/lib/dialects/abstract/query-interface.js:407:12)
    at async Donation.findAll (/opt/gawdesy.com/backend/node_modules/sequelize/lib/model.js:1140:21)
    at async Promise.all (index 1)
    at async Donation.findAndCountAll (/opt/gawdesy.com/backend/node_modules/sequelize/lib/model.js:1322:27)
    at async file:///opt/gawdesy.com/backend/src/routes/donationRoutes.js:18:29
2026-02-12 00:44:46 [error]: Error
    at Query.run (/opt/gawdesy.com/backend/node_modules/sequelize/lib/dialects/mysql/query.js:52:25)
    at /opt/gawdesy.com/backend/node_modules/sequelize/lib/sequelize.js:315:28
    at process.processTicksAndRejections (node:internal/process/task_queues:105:5)
    at async MySQLQueryInterface.insert (/opt/gawdesy.com/backend/node_modules/sequelize/lib/dialects/abstract/query-interface.js:308:21)
    at async model.save (/opt/gawdesy.com/backend/node_modules/sequelize/lib/model.js:2490:35)
    at async Activity.create (/opt/gawdesy.com/backend/node_modules/sequelize/lib/model.js:1362:12)
    at async file:///opt/gawdesy.com/backend/src/routes/activityRoutes.js:39:22
2026-02-12 00:44:52 [error]: Error
    at Query.run (/opt/gawdesy.com/backend/node_modules/sequelize/lib/dialects/mysql/query.js:52:25)
    at /opt/gawdesy.com/backend/node_modules/sequelize/lib/sequelize.js:315:28
    at process.processTicksAndRejections (node:internal/process/task_queues:105:5)
    at async MySQLQueryInterface.insert (/opt/gawdesy.com/backend/node_modules/sequelize/lib/dialects/abstract/query-interface.js:308:21)
    at async model.save (/opt/gawdesy.com/backend/node_modules/sequelize/lib/model.js:2490:35)
    at async Activity.create (/opt/gawdesy.com/backend/node_modules/sequelize/lib/model.js:1362:12)
    at async file:///opt/gawdesy.com/backend/src/routes/activityRoutes.js:39:22
2026-02-12 00:48:43 [error]: Error
    at Query.run (/opt/gawdesy.com/backend/node_modules/sequelize/lib/dialects/mysql/query.js:52:25)
    at /opt/gawdesy.com/backend/node_modules/sequelize/lib/sequelize.js:315:28
    at process.processTicksAndRejections (node:internal/process/task_queues:105:5)
    at async MySQLQueryInterface.insert (/opt/gawdesy.com/backend/node_modules/sequelize/lib/dialects/abstract/query-interface.js:308:21)
    at async model.save (/opt/gawdesy.com/backend/node_modules/sequelize/lib/model.js:2490:35)
    at async Activity.create (/opt/gawdesy.com/backend/node_modules/sequelize/lib/model.js:1362:12)
    at async file:///opt/gawdesy.com/backend/src/routes/activityRoutes.js:39:22
2026-02-12 01:13:17 [error]: Error
    at Query.run (/opt/gawdesy.com/backend/node_modules/sequelize/lib/dialects/mysql/query.js:52:25)
    at /opt/gawdesy.com/backend/node_modules/sequelize/lib/sequelize.js:315:28
    at process.processTicksAndRejections (node:internal/process/task_queues:105:5)
    at async MySQLQueryInterface.insert (/opt/gawdesy.com/backend/node_modules/sequelize/lib/dialects/abstract/query-interface.js:308:21)
    at async model.save (/opt/gawdesy.com/backend/node_modules/sequelize/lib/model.js:2490:35)
    at async Activity.create (/opt/gawdesy.com/backend/node_modules/sequelize/lib/model.js:1362:12)
    at async file:///opt/gawdesy.com/backend/src/routes/activityRoutes.js:39:22
