
> lume-backend@1.0.0 dev /opt/Lume/backend
> nodemon src/index.js

[33m[nodemon] 3.1.11[39m
[33m[nodemon] to restart at any time, enter `rs`[39m
[33m[nodemon] watching path(s): *.*[39m
[33m[nodemon] watching extensions: js,mjs,cjs,json[39m
[32m[nodemon] starting `node sūüöÄ Starting LumeūüöÄ Starting Lume Modular Backend...
‚úÖ Database connection established successfully (MYSQL)
‚úÖ Database connected
‚úÖ Legacy models loaded
‚Ź≠ÔłŹ  Skipping Base Module initialization temporarily
‚Ź≠ÔłŹ  Database sync skipped
ūüöÄ Initializing Gawdesy Module System...
ūüď¶ Found 18 modules to load
‚úÖ Module loaded: Activities (v1.0.0)
‚úÖ Module loaded: Audit (v1.0.0)
‚úÖ Module loaded: Authentication (v1.0.0)
‚úÖ Module loaded: Base (v1.0.0)
‚úÖ Module loaded: Base Automation (v1.0.0)
‚úÖ Module loaded: Base Features Data (v1.0.0)
‚úÖ Module loaded: Base Security (v1.0.0)
‚úÖ Module loaded: Common Utilities (v1.0.0)
‚úÖ Module loaded: Documents (v1.0.0)
‚úÖ Module loaded: Donations (v1.0.0)
‚úÖ Module loaded: Gawdesy (v1.0.0)
‚úÖ Module loaded: Lume (v1.0.0)
‚úÖ Module loaded: Media Library (v1.0.0)
‚úÖ Module loaded: Messages (v1.0.0)
‚úÖ Module loaded: RBAC (v1.0.0)
‚úÖ Module loaded: Settings (v1.0.0)
‚úÖ Module loaded: Team (v1.0.0)
‚úÖ Module loaded: User Management (v1.0.0)
ūüďč Module load order: base -> activities -> audit -> auth -> base_automation -> base_features_data -> base_security -> common -> documents -> donations -> gawdesy -> lume -> media -> messages -> rbac -> settings -> team -> user
ūüĒß Initializing Base Module...
‚úÖ Base models created: InstalledModule, Menu, Permission, Role, Group, RecordRule, Sequence, AuditLog
‚úÖ Base services created
‚úÖ Base API routes registered: /api/base
‚úÖ Base Module initialized
‚úÖ Module initialized: Base
‚ö†ÔłŹ  Invalid router for base: function
‚úÖ Module initialized: Activities
‚úÖ Module initialized: Audit
‚úÖ Module initialized: Authentication
ūüĒß Initializing Base Automation Module...
‚úÖ Base Automation API routes registered: /api/base_automation
‚úÖ Base Automation Module initialized
‚úÖ Module initialized: Base Automation
‚ö†ÔłŹ  Invalid router for base_automation: function
ūüĒß Initializing Base Features Data Module...
‚úÖ Base Features Data models created: FeatureFlag, DataImport, DataExport, Backup
‚úÖ Base Features Data services created
‚úÖ Base Features Data API routes registered: /api/base_features_data
‚úÖ Base Features Data Module initialized
‚úÖ Module initialized: Base Features Data
‚ö†ÔłŹ  Invalid router for base_features_data: function
ūüĒß Initializing Base Security Module...
‚úÖ Base Security models created: ApiKey, Session, IpAccess, TwoFactor, SecurityLog
‚úÖ Base Security services created
‚úÖ Base Security API routes registered: /api/base_security
‚úÖ Base Security Module initialized
‚úÖ Module initialized: Base Security
‚ö†ÔłŹ  Invalid router for base_security: function
‚úÖ Module initialized: Common Utilities
‚úÖ Module initialized: Documents
‚úÖ Module initialized: Donations
‚úÖ Module initialized: Gawdesy
‚úÖ Module initialized: Lume
‚úÖ Module initialized: Media Library
‚úÖ Module initialized: Messages
Initializing RBAC module...
‚úÖ RBAC API routes registered: /api/rbac
RBAC module initialized
‚úÖ Module initialized: RBAC
‚ö†ÔłŹ  Invalid router for rbac: function
‚úÖ Module initialized: Settings
‚úÖ Module initialized: Team
‚úÖ Module initialized: User Management
‚úÖ Module system initialized with 18 modules
ūüďč Registered 15 menu groups
ūüĒź Registered 109 permissions
‚úÖ Module system initialized
node:events:496
      throw er; // Unhandled 'error' event
      ^

Error: listen EADDRINUSE: address already in use :::3000
    at Server.setupListenHandle [as _listen2] (node:net:1940:16)
    at listenInCluster (node:net:1997:12)
    at Server.listen (node:net:2102:7)
    at Function.listen (/opt/Lume/backend/node_modules/express/lib/application.js:635:24)
    at startServer (file:///opt/Lume/backend/src/index.js:496:9)
Emitted 'error' event on Server instance at:
    at emitErrorNT (node:net:1976:8)
    at process.processTicksAndRejections (node:internal/process/task_queues:90:21) {
  code: 'EADDRINUSE',
  errno: -98,
  syscall: 'listen',
  address: '::',
  port: 3000
}

Node.js v22.17.0
[31m[nodemon] app crashed - waiting for file changes before starting...[39m
ź‚ēź‚ēź‚ēĚ

::1 - - [13/Feb/2026:16:54:41 +0000] "GET /health HTTP/1.1" 200 145 "-" "curl/8.5.0"
Request: {"timestamp":"2026-02-13T16:54:41Z","method":"GET","url":"/health","status":200,"duration":"9ms","userAgent":"curl/8.5.0","ip":"::1"}
::1 - - [13/Feb/2026:16:54:47 +0000] "GET /health HTTP/1.1" 200 145 "-" "curl/8.5.0"
Request: {"timestamp":"2026-02-13T16:54:47Z","method":"GET","url":"/health","status":200,"duration":"2ms","userAgent":"curl/8.5.0","ip":"::1"}
::ffff:127.0.0.1 - - [13/Feb/2026:17:01:13 +0000] "GET /api/menus HTTP/1.1" 200 8257 "http://localhost:3001/" "Mozilla/5.0 (X11; Ubuntu; Linux x86_64; rv:147.0) Gecko/20100101 Firefox/147.0"
Request: {"timestamp":"2026-02-13T17:01:13Z","method":"GET","url":"/api/menus","status":200,"duration":"2ms","userAgent":"Mozilla/5.0 (X11; Ubuntu; Linux x86_64; rv:147.0) Gecko/20100101 Firefox/147.0","ip":"::ffff:127.0.0.1"}
::ffff:127.0.0.1 - - [13/Feb/2026:17:01:13 +0000] "GET /api/permissions HTTP/1.1" 200 2362 "http://localhost:3001/" "Mozilla/5.0 (X11; Ubuntu; Linux x86_64; rv:147.0) Gecko/20100101 Firefox/147.0"
Request: {"timestamp":"2026-02-13T17:01:13Z","method":"GET","url":"/api/permissions","status":200,"duration":"1ms","userAgent":"Mozilla/5.0 (X11; Ubuntu; Linux x86_64; rv:147.0) Gecko/20100101 Firefox/147.0","ip":"::ffff:127.0.0.1"}
::ffff:127.0.0.1 - - [13/Feb/2026:17:01:13 +0000] "GET /api/menus HTTP/1.1" 200 8257 "http://localhost:3001/" "Mozilla/5.0 (X11; Ubuntu; Linux x86_64; rv:147.0) Gecko/20100101 Firefox/147.0"
Request: {"timestamp":"2026-02-13T17:01:13Z","method":"GET","url":"/api/menus","status":200,"duration":"1ms","userAgent":"Mozilla/5.0 (X11; Ubuntu; Linux x86_64; rv:147.0) Gecko/20100101 Firefox/147.0","ip":"::ffff:127.0.0.1"}
::ffff:127.0.0.1 - - [13/Feb/2026:17:01:14 +0000] "GET /api/permissions HTTP/1.1" 200 2362 "http://localhost:3001/" "Mozilla/5.0 (X11; Ubuntu; Linux x86_64; rv:147.0) Gecko/20100101 Firefox/147.0"
Request: {"timestamp":"2026-02-13T17:01:14Z","method":"GET","url":"/api/permissions","status":200,"duration":"1ms","userAgent":"Mozilla/5.0 (X11; Ubuntu; Linux x86_64; rv:147.0) Gecko/20100101 Firefox/147.0","ip":"::ffff:127.0.0.1"}
::ffff:127.0.0.1 - - [13/Feb/2026:17:01:16 +0000] "GET /api/dashboard/stats HTTP/1.1" 200 980 "http://localhost:3001/" "Mozilla/5.0 (X11; Ubuntu; Linux x86_64; rv:147.0) Gecko/20100101 Firefox/147.0"
Request: {"timestamp":"2026-02-13T17:01:16Z","method":"GET","url":"/api/dashboard/stats","status":200,"duration":"52ms","userAgent":"Mozilla/5.0 (X11; Ubuntu; Linux x86_64; rv:147.0) Gecko/20100101 Firefox/147.0","ip":"::ffff:127.0.0.1","userId":2}
