
> @lume/web@1.0.0 dev /opt/Lume/frontend/apps/web-lume
> vite --port 5174

Re-optimizing dependencies because lockfile has changed

  VITE v5.4.21  ready in 1020 ms

  ➜  Local:   http://localhost:5174/
  ➜  Network: http://192.168.1.5:5174/
Error: The following dependencies are imported but could not be resolved:

  lucide-vue-next (imported by /opt/Lume/backend/src/modules/base_automation/static/views/automation.vue?id=0)
  echarts/core (imported by /opt/Lume/backend/src/modules/donations/static/views/reports.vue?id=0)
  echarts/renderers (imported by /opt/Lume/backend/src/modules/donations/static/views/reports.vue?id=0)
  echarts/charts (imported by /opt/Lume/backend/src/modules/donations/static/views/reports.vue?id=0)
  @ant-design/icons-vue (imported by /opt/Lume/backend/src/modules/base_features_data/static/views/data-import.vue?id=0)
  echarts/components (imported by /opt/Lume/backend/src/modules/donations/static/views/reports.vue?id=0)
  vue-echarts (imported by /opt/Lume/backend/src/modules/donations/static/views/reports.vue?id=0)

Are they installed?
    at file:///opt/Lume/frontend/apps/web-lume/node_modules/.pnpm/vite@5.4.21_@types+node@22.19.11_terser@5.46.0/node_modules/vite/dist/node/chunks/dep-BK3b2jBa.js:50669:15
    at process.processTicksAndRejections (node:internal/process/task_queues:105:5)
    at async file:///opt/Lume/frontend/apps/web-lume/node_modules/.pnpm/vite@5.4.21_@types+node@22.19.11_terser@5.46.0/node_modules/vite/dist/node/chunks/dep-BK3b2jBa.js:50174:26
5:31:29 PM [vite] ✨ new dependencies optimized: lucide-vue-next, @ant-design/icons-vue
5:31:29 PM [vite] ✨ optimized dependencies changed. reloading
6:24:26 PM [vite] hmr update /src/components/layout/Sidebar.vue, /src/style.css
6:25:15 PM [vite] hmr update /src/components/layout/Sidebar.vue, /src/style.css
6:30:36 PM [vite] Internal server error: Failed to resolve import "echarts/core" from "../../../backend/src/modules/donations/static/views/reports.vue". Does the file exist?
  Plugin: vite:import-analysis
  File: /opt/Lume/backend/src/modules/donations/static/views/reports.vue:4:20
  2  |  import { onMounted, ref, computed } from "vue";
  3  |  import { BarChart3, RefreshCw, DollarSign, Users, TrendingUp, Hash } from "lucide-vue-next";
  4  |  import { use } from "echarts/core";
     |                       ^
  5  |  import { CanvasRenderer } from "echarts/renderers";
  6  |  import { LineChart, PieChart, BarChart } from "echarts/charts";
      at TransformPluginContext._formatError (file:///opt/Lume/frontend/apps/web-lume/node_modules/.pnpm/vite@5.4.21_@types+node@22.19.11_terser@5.46.0/node_modules/vite/dist/node/chunks/dep-BK3b2jBa.js:49258:41)
      at TransformPluginContext.error (file:///opt/Lume/frontend/apps/web-lume/node_modules/.pnpm/vite@5.4.21_@types+node@22.19.11_terser@5.46.0/node_modules/vite/dist/node/chunks/dep-BK3b2jBa.js:49253:16)
      at normalizeUrl (file:///opt/Lume/frontend/apps/web-lume/node_modules/.pnpm/vite@5.4.21_@types+node@22.19.11_terser@5.46.0/node_modules/vite/dist/node/chunks/dep-BK3b2jBa.js:64307:23)
      at process.processTicksAndRejections (node:internal/process/task_queues:105:5)
      at async file:///opt/Lume/frontend/apps/web-lume/node_modules/.pnpm/vite@5.4.21_@types+node@22.19.11_terser@5.46.0/node_modules/vite/dist/node/chunks/dep-BK3b2jBa.js:64439:39
      at async Promise.all (index 3)
      at async TransformPluginContext.transform (file:///opt/Lume/frontend/apps/web-lume/node_modules/.pnpm/vite@5.4.21_@types+node@22.19.11_terser@5.46.0/node_modules/vite/dist/node/chunks/dep-BK3b2jBa.js:64366:7)
      at async PluginContainer.transform (file:///opt/Lume/frontend/apps/web-lume/node_modules/.pnpm/vite@5.4.21_@types+node@22.19.11_terser@5.46.0/node_modules/vite/dist/node/chunks/dep-BK3b2jBa.js:49099:18)
      at async loadAndTransform (file:///opt/Lume/frontend/apps/web-lume/node_modules/.pnpm/vite@5.4.21_@types+node@22.19.11_terser@5.46.0/node_modules/vite/dist/node/chunks/dep-BK3b2jBa.js:51978:27)
6:31:32 PM [vite] vite.config.ts changed, restarting server...
6:31:32 PM [vite] page reload vite.config.ts.timestamp-1771160492479-36339e80829ae.mjs
Re-optimizing dependencies because vite config has changed
6:31:32 PM [vite] server restarted.
Error: The following dependencies are imported but could not be resolved:

  @ant-design/icons-vue (imported by /opt/Lume/backend/src/modules/base_features_data/static/views/data-import.vue?id=0)

Are they installed?
    at file:///opt/Lume/frontend/apps/web-lume/node_modules/.pnpm/vite@5.4.21_@types+node@22.19.11_terser@5.46.0/node_modules/vite/dist/node/chunks/dep-BK3b2jBa.js:50669:15
    at process.processTicksAndRejections (node:internal/process/task_queues:105:5)
    at async file:///opt/Lume/frontend/apps/web-lume/node_modules/.pnpm/vite@5.4.21_@types+node@22.19.11_terser@5.46.0/node_modules/vite/dist/node/chunks/dep-BK3b2jBa.js:50174:26
6:31:36 PM [vite] ✨ new dependencies optimized: lucide-vue-next, @ant-design/icons-vue
6:31:36 PM [vite] ✨ optimized dependencies changed. reloading
6:32:28 PM [vite] vite.config.ts changed, restarting server...
Re-optimizing dependencies because vite config has changed
6:32:28 PM [vite] server restarted.
Error: The following dependencies are imported but could not be resolved:

  @ant-design/icons-vue (imported by /opt/Lume/backend/src/modules/base_features_data/static/views/data-import.vue?id=0)

Are they installed?
    at file:///opt/Lume/frontend/apps/web-lume/node_modules/.pnpm/vite@5.4.21_@types+node@22.19.11_terser@5.46.0/node_modules/vite/dist/node/chunks/dep-BK3b2jBa.js:50669:15
    at process.processTicksAndRejections (node:internal/process/task_queues:105:5)
    at async file:///opt/Lume/frontend/apps/web-lume/node_modules/.pnpm/vite@5.4.21_@types+node@22.19.11_terser@5.46.0/node_modules/vite/dist/node/chunks/dep-BK3b2jBa.js:50174:26
6:33:26 PM [vite] vite.config.ts changed, restarting server...
6:33:26 PM [vite] server restarted.
